<?xml version="1.0" encoding="UTF-8"?>
<!-- Generated by org.testng.reporters.JUnitReportReporter -->
<testsuite hostname="wangdongyadeMacBook-Pro.local" name="com.wdy.deeplearn.ng.PictureTest" tests="5" failures="0" timestamp="9 Sep 2017 14:06:11 GMT" time="0.011" errors="0">
  <testcase name="test_3" time="0.001" classname="com.wdy.deeplearn.ng.PictureTest"/>
  <testcase name="test_4" time="0.002" classname="com.wdy.deeplearn.ng.PictureTest"/>
  <testcase name="test_1" time="0.005" classname="com.wdy.deeplearn.ng.PictureTest"/>
  <testcase name="test_2" time="0.001" classname="com.wdy.deeplearn.ng.PictureTest"/>
  <testcase name="test_5" time="0.002" classname="com.wdy.deeplearn.ng.PictureTest"/>
</testsuite> <!-- com.wdy.deeplearn.ng.PictureTest -->
